{"numFailedTestSuites":0,"numFailedTests":0,"numPassedTestSuites":1,"numPassedTests":2,"numPendingTestSuites":0,"numPendingTests":0,"numRuntimeErrorTestSuites":0,"numTodoTests":0,"numTotalTestSuites":1,"numTotalTests":2,"openHandles":[],"snapshot":{"added":0,"didUpdate":false,"failure":false,"filesAdded":0,"filesRemoved":0,"filesRemovedList":[],"filesUnmatched":0,"filesUpdated":0,"matched":0,"total":0,"unchecked":0,"uncheckedKeysByFile":[],"unmatched":0,"updated":0},"startTime":1686325061193,"success":true,"testResults":[{"assertionResults":[{"ancestorTitles":["Pet API Test"],"failureMessages":[],"fullName":"Pet API Test POST create a new pet","location":null,"status":"passed","title":"POST create a new pet"},{"ancestorTitles":["Pet API Test"],"failureMessages":[],"fullName":"Pet API Test GET API - Fetch pet details","location":null,"status":"passed","title":"GET API - Fetch pet details"}],"endTime":1686325064410,"message":"","name":"C:\\Users\\ZZ00VO865\\Downloads\\API_Jest\\api.test.js","startTime":1686325062148,"status":"passed","summary":""}],"wasInterrupted":false}